<!DOCTYPE html>
<html>
<head>
<meta http-equiv="Content-Type" content="text/html; charset=utf-8"/>
<meta http-equiv="x-ua-compatible" content="IE=edge"/>
<title>Test results - HttpRequestTest</title>
<link href="../css/base-style.css" rel="stylesheet" type="text/css"/>
<link href="../css/style.css" rel="stylesheet" type="text/css"/>
<script src="../js/report.js" type="text/javascript"></script>
</head>
<body>
<div id="content">
<h1>HttpRequestTest</h1>
<div class="breadcrumbs">
<a href="../index.html">all</a> &gt; 
<a href="../packages/com.sinensia.demo.html">com.sinensia.demo</a> &gt; HttpRequestTest</div>
<div id="summary">
<table>
<tr>
<td>
<div class="summaryGroup">
<table>
<tr>
<td>
<div class="infoBox" id="tests">
<div class="counter">31</div>
<p>tests</p>
</div>
</td>
<td>
<div class="infoBox" id="failures">
<div class="counter">0</div>
<p>failures</p>
</div>
</td>
<td>
<div class="infoBox" id="ignored">
<div class="counter">0</div>
<p>ignored</p>
</div>
</td>
<td>
<div class="infoBox" id="duration">
<div class="counter">2.460s</div>
<p>duration</p>
</div>
</td>
</tr>
</table>
</div>
</td>
<td>
<div class="infoBox success" id="successRate">
<div class="percent">100%</div>
<p>successful</p>
</div>
</td>
</tr>
</table>
</div>
<div id="tabs">
<ul class="tabLinks">
<li>
<a href="#tab0">Tests</a>
</li>
<li>
<a href="#tab1">Standard output</a>
</li>
</ul>
<div id="tab0" class="tab">
<h2>Tests</h2>
<table>
<thead>
<tr>
<th>Test</th>
<th>Method name</th>
<th>Duration</th>
<th>Result</th>
</tr>
</thead>
<tr>
<td class="success">[1] a=1.0, b=2.0, expected=3.0</td>
<td class="success">canAddParametrizado(String, String, String)[1]</td>
<td class="success">0.133s</td>
<td class="success">passed</td>
</tr>
<tr>
<td class="success">[2] a=1.0, b=1.0, expected=2.0</td>
<td class="success">canAddParametrizado(String, String, String)[2]</td>
<td class="success">0.031s</td>
<td class="success">passed</td>
</tr>
<tr>
<td class="success">[3] a=1.0, b=-2.0, expected=-1.0</td>
<td class="success">canAddParametrizado(String, String, String)[3]</td>
<td class="success">0.028s</td>
<td class="success">passed</td>
</tr>
<tr>
<td class="success">[4] a=1.0, b=, expected=1.0</td>
<td class="success">canAddParametrizado(String, String, String)[4]</td>
<td class="success">0.035s</td>
<td class="success">passed</td>
</tr>
<tr>
<td class="success">[5] a=1.0, b=-1.0, expected=0.0</td>
<td class="success">canAddParametrizado(String, String, String)[5]</td>
<td class="success">0.025s</td>
<td class="success">passed</td>
</tr>
<tr>
<td class="success">canAddWithInvalidNumber()</td>
<td class="success">canAddWithInvalidNumber()</td>
<td class="success">0.070s</td>
<td class="success">passed</td>
</tr>
<tr>
<td class="success">canDivideBetweenZeros()</td>
<td class="success">canDivideBetweenZeros()</td>
<td class="success">0.033s</td>
<td class="success">passed</td>
</tr>
<tr>
<td class="success">canDivideEmptyValue()</td>
<td class="success">canDivideEmptyValue()</td>
<td class="success">0.044s</td>
<td class="success">passed</td>
</tr>
<tr>
<td class="success">canDivideInValidNumber()</td>
<td class="success">canDivideInValidNumber()</td>
<td class="success">0.041s</td>
<td class="success">passed</td>
</tr>
<tr>
<td class="success">canDivideMissingValue()</td>
<td class="success">canDivideMissingValue()</td>
<td class="success">0.018s</td>
<td class="success">passed</td>
</tr>
<tr>
<td class="success">canDivideValidNumber()</td>
<td class="success">canDivideValidNumber()</td>
<td class="success">0.019s</td>
<td class="success">passed</td>
</tr>
<tr>
<td class="success">canDivideWithFractions()</td>
<td class="success">canDivideWithFractions()</td>
<td class="success">0.032s</td>
<td class="success">passed</td>
</tr>
<tr>
<td class="success">canDivideWithZero()</td>
<td class="success">canDivideWithZero()</td>
<td class="success">0.025s</td>
<td class="success">passed</td>
</tr>
<tr>
<td class="success">canDivideZeroWith()</td>
<td class="success">canDivideZeroWith()</td>
<td class="success">0.039s</td>
<td class="success">passed</td>
</tr>
<tr>
<td class="success">canMultiplyEmptyValue()</td>
<td class="success">canMultiplyEmptyValue()</td>
<td class="success">0.044s</td>
<td class="success">passed</td>
</tr>
<tr>
<td class="success">canMultiplyInValidNumber()</td>
<td class="success">canMultiplyInValidNumber()</td>
<td class="success">1.307s</td>
<td class="success">passed</td>
</tr>
<tr>
<td class="success">canMultiplyMissingValue()</td>
<td class="success">canMultiplyMissingValue()</td>
<td class="success">0.065s</td>
<td class="success">passed</td>
</tr>
<tr>
<td class="success">canMultiplyValidNumber()</td>
<td class="success">canMultiplyValidNumber()</td>
<td class="success">0.043s</td>
<td class="success">passed</td>
</tr>
<tr>
<td class="success">canMultiplyWithFractions()</td>
<td class="success">canMultiplyWithFractions()</td>
<td class="success">0.026s</td>
<td class="success">passed</td>
</tr>
<tr>
<td class="success">canMultiplyWithZeros()</td>
<td class="success">canMultiplyWithZeros()</td>
<td class="success">0.025s</td>
<td class="success">passed</td>
</tr>
<tr>
<td class="success">canSubstractEmptyValue()</td>
<td class="success">canSubstractEmptyValue()</td>
<td class="success">0.020s</td>
<td class="success">passed</td>
</tr>
<tr>
<td class="success">canSubstractInValidNumber()</td>
<td class="success">canSubstractInValidNumber()</td>
<td class="success">0.021s</td>
<td class="success">passed</td>
</tr>
<tr>
<td class="success">canSubstractMissingValue()</td>
<td class="success">canSubstractMissingValue()</td>
<td class="success">0.071s</td>
<td class="success">passed</td>
</tr>
<tr>
<td class="success">canSubstractValidNumber()</td>
<td class="success">canSubstractValidNumber()</td>
<td class="success">0.015s</td>
<td class="success">passed</td>
</tr>
<tr>
<td class="success">canSubstractWithFractions()</td>
<td class="success">canSubstractWithFractions()</td>
<td class="success">0.033s</td>
<td class="success">passed</td>
</tr>
<tr>
<td class="success">catAdd()</td>
<td class="success">catAdd()</td>
<td class="success">0.046s</td>
<td class="success">passed</td>
</tr>
<tr>
<td class="success">catAddNegativeNumbers()</td>
<td class="success">catAddNegativeNumbers()</td>
<td class="success">0.049s</td>
<td class="success">passed</td>
</tr>
<tr>
<td class="success">catAddWithEmptyValue()</td>
<td class="success">catAddWithEmptyValue()</td>
<td class="success">0.021s</td>
<td class="success">passed</td>
</tr>
<tr>
<td class="success">catAddWithFractions()</td>
<td class="success">catAddWithFractions()</td>
<td class="success">0.037s</td>
<td class="success">passed</td>
</tr>
<tr>
<td class="success">catAddWithMissingValue()</td>
<td class="success">catAddWithMissingValue()</td>
<td class="success">0.030s</td>
<td class="success">passed</td>
</tr>
<tr>
<td class="success">greetingShouldReturnDefaultMessage()</td>
<td class="success">greetingShouldReturnDefaultMessage()</td>
<td class="success">0.034s</td>
<td class="success">passed</td>
</tr>
</table>
</div>
<div id="tab1" class="tab">
<h2>Standard output</h2>
<span class="code">
<pre>2022-06-16 15:44:56.418  INFO 88340 --- [    Test worker] .b.t.c.SpringBootTestContextBootstrapper : Neither @ContextConfiguration nor @ContextHierarchy found for test class [com.sinensia.demo.HttpRequestTest], using SpringBootContextLoader
2022-06-16 15:44:56.424  INFO 88340 --- [    Test worker] o.s.t.c.support.AbstractContextLoader    : Could not detect default resource locations for test class [com.sinensia.demo.HttpRequestTest]: no resource found for suffixes {-context.xml, Context.groovy}.
2022-06-16 15:44:56.429  INFO 88340 --- [    Test worker] t.c.s.AnnotationConfigContextLoaderUtils : Could not detect default configuration classes for test class [com.sinensia.demo.HttpRequestTest]: HttpRequestTest does not declare any static, non-private, non-final, nested classes annotated with @Configuration.
2022-06-16 15:44:56.449  INFO 88340 --- [    Test worker] .b.t.c.SpringBootTestContextBootstrapper : Found @SpringBootConfiguration com.sinensia.demo.HelloSpringTestingApplication for test class com.sinensia.demo.HttpRequestTest
2022-06-16 15:44:56.463  INFO 88340 --- [    Test worker] .b.t.c.SpringBootTestContextBootstrapper : Loaded default TestExecutionListener class names from location [META-INF/spring.factories]: [org.springframework.boot.test.autoconfigure.restdocs.RestDocsTestExecutionListener, org.springframework.boot.test.autoconfigure.web.client.MockRestServiceServerResetTestExecutionListener, org.springframework.boot.test.autoconfigure.web.servlet.MockMvcPrintOnlyOnFailureTestExecutionListener, org.springframework.boot.test.autoconfigure.web.servlet.WebDriverTestExecutionListener, org.springframework.boot.test.autoconfigure.webservices.client.MockWebServiceServerTestExecutionListener, org.springframework.boot.test.mock.mockito.MockitoTestExecutionListener, org.springframework.boot.test.mock.mockito.ResetMocksTestExecutionListener, org.springframework.test.context.web.ServletTestExecutionListener, org.springframework.test.context.support.DirtiesContextBeforeModesTestExecutionListener, org.springframework.test.context.event.ApplicationEventsTestExecutionListener, org.springframework.test.context.support.DependencyInjectionTestExecutionListener, org.springframework.test.context.support.DirtiesContextTestExecutionListener, org.springframework.test.context.transaction.TransactionalTestExecutionListener, org.springframework.test.context.jdbc.SqlScriptsTestExecutionListener, org.springframework.test.context.event.EventPublishingTestExecutionListener]
2022-06-16 15:44:56.471  INFO 88340 --- [    Test worker] .b.t.c.SpringBootTestContextBootstrapper : Using TestExecutionListeners: [org.springframework.test.context.web.ServletTestExecutionListener@128026c0, org.springframework.test.context.support.DirtiesContextBeforeModesTestExecutionListener@474e12fe, org.springframework.test.context.event.ApplicationEventsTestExecutionListener@27a7676d, org.springframework.boot.test.mock.mockito.MockitoTestExecutionListener@753cceca, org.springframework.boot.test.autoconfigure.SpringBootDependencyInjectionTestExecutionListener@6699408b, org.springframework.test.context.support.DirtiesContextTestExecutionListener@51f76744, org.springframework.test.context.event.EventPublishingTestExecutionListener@4df7fe18, org.springframework.boot.test.autoconfigure.restdocs.RestDocsTestExecutionListener@5eae33f2, org.springframework.boot.test.autoconfigure.web.client.MockRestServiceServerResetTestExecutionListener@721fadb4, org.springframework.boot.test.autoconfigure.web.servlet.MockMvcPrintOnlyOnFailureTestExecutionListener@183839f4, org.springframework.boot.test.autoconfigure.web.servlet.WebDriverTestExecutionListener@6a4d03d5, org.springframework.boot.test.autoconfigure.webservices.client.MockWebServiceServerTestExecutionListener@45d39ccd, org.springframework.boot.test.mock.mockito.ResetMocksTestExecutionListener@4aaefbce]

  .   ____          _            __ _ _
 /\\ / ___'_ __ _ _(_)_ __  __ _ \ \ \ \
( ( )\___ | '_ | '_| | '_ \/ _` | \ \ \ \
 \\/  ___)| |_)| | | | | || (_| |  ) ) ) )
  '  |____| .__|_| |_|_| |_\__, | / / / /
 =========|_|==============|___/=/_/_/_/
 :: Spring Boot ::                (v2.7.0)

2022-06-16 15:44:56.672  INFO 88340 --- [    Test worker] com.sinensia.demo.HttpRequestTest        : Starting HttpRequestTest using Java 11.0.15 on sinensia-virtual-machine with PID 88340 (started by sinensia in /home/sinensia/hello-spring-testing)
2022-06-16 15:44:56.674  INFO 88340 --- [    Test worker] com.sinensia.demo.HttpRequestTest        : No active profile set, falling back to 1 default profile: &quot;default&quot;
2022-06-16 15:44:59.265  INFO 88340 --- [    Test worker] o.s.b.w.embedded.tomcat.TomcatWebServer  : Tomcat initialized with port(s): 0 (http)
2022-06-16 15:44:59.334  INFO 88340 --- [    Test worker] o.apache.catalina.core.StandardService   : Starting service [Tomcat]
2022-06-16 15:44:59.339  INFO 88340 --- [    Test worker] org.apache.catalina.core.StandardEngine  : Starting Servlet engine: [Apache Tomcat/9.0.63]
2022-06-16 15:44:59.850  INFO 88340 --- [    Test worker] o.a.c.c.C.[Tomcat].[localhost].[/]       : Initializing Spring embedded WebApplicationContext
2022-06-16 15:44:59.855  INFO 88340 --- [    Test worker] w.s.c.ServletWebServerApplicationContext : Root WebApplicationContext: initialization completed in 3167 ms
2022-06-16 15:45:01.646  INFO 88340 --- [    Test worker] o.s.b.w.embedded.tomcat.TomcatWebServer  : Tomcat started on port(s): 44067 (http) with context path ''
2022-06-16 15:45:01.656  INFO 88340 --- [    Test worker] com.sinensia.demo.HttpRequestTest        : Started HttpRequestTest in 5.165 seconds (JVM running for 21.97)
2022-06-16 15:45:02.261  INFO 88340 --- [o-auto-1-exec-1] o.a.c.c.C.[Tomcat].[localhost].[/]       : Initializing Spring DispatcherServlet 'dispatcherServlet'
2022-06-16 15:45:02.263  INFO 88340 --- [o-auto-1-exec-1] o.s.web.servlet.DispatcherServlet        : Initializing Servlet 'dispatcherServlet'
2022-06-16 15:45:02.270  INFO 88340 --- [o-auto-1-exec-1] o.s.web.servlet.DispatcherServlet        : Completed initialization in 4 ms
2022-06-16 15:45:02.480  WARN 88340 --- [o-auto-1-exec-1] .w.s.m.s.DefaultHandlerExceptionResolver : Resolved [org.springframework.web.method.annotation.MethodArgumentTypeMismatchException: Failed to convert value of type 'java.lang.String' to required type 'java.lang.Float'; nested exception is java.lang.NumberFormatException: For input string: &quot;X&quot;]
2022-06-16 15:45:03.369  WARN 88340 --- [o-auto-1-exec-8] .w.s.m.s.DefaultHandlerExceptionResolver : Resolved [org.springframework.web.method.annotation.MethodArgumentTypeMismatchException: Failed to convert value of type 'java.lang.String' to required type 'java.lang.Float'; nested exception is java.lang.NumberFormatException: For input string: &quot;X&quot;]
2022-06-16 15:45:03.465  WARN 88340 --- [-auto-1-exec-10] .w.s.m.s.DefaultHandlerExceptionResolver : Resolved [org.springframework.web.method.annotation.MethodArgumentTypeMismatchException: Failed to convert value of type 'java.lang.String' to required type 'java.lang.Float'; nested exception is java.lang.NumberFormatException: For input string: &quot;X&quot;]
2022-06-16 15:45:03.969  WARN 88340 --- [o-auto-1-exec-1] .w.s.m.s.DefaultHandlerExceptionResolver : Resolved [org.springframework.web.method.annotation.MethodArgumentTypeMismatchException: Failed to convert value of type 'java.lang.String' to required type 'java.lang.Float'; nested exception is java.lang.NumberFormatException: For input string: &quot;X&quot;]
</pre>
</span>
</div>
</div>
<div id="footer">
<p>
<div>
<label class="hidden" id="label-for-line-wrapping-toggle" for="line-wrapping-toggle">Wrap lines
<input id="line-wrapping-toggle" type="checkbox" autocomplete="off"/>
</label>
</div>Generated by 
<a href="http://www.gradle.org">Gradle 7.4.1</a> at Jun 16, 2022, 3:45:11 PM</p>
</div>
</div>
</body>
</html>
